[0.063s] DEBUG:colcon:Command line arguments: ['/usr/bin/colcon', 'build', '--symlink-install', '--packages-select', 'serial']
[0.063s] DEBUG:colcon:Parsed command line arguments: Namespace(log_base=None, log_level=None, verb_name='build', build_base='build', install_base='install', merge_install=False, symlink_install=True, test_result_base=None, continue_on_error=False, executor='parallel', parallel_workers=16, event_handlers=None, ignore_user_meta=False, metas=['./colcon.meta'], base_paths=['.'], packages_ignore=None, packages_ignore_regex=None, paths=None, packages_up_to=None, packages_up_to_regex=None, packages_above=None, packages_above_and_dependencies=None, packages_above_depth=None, packages_select_by_dep=None, packages_skip_by_dep=None, packages_skip_up_to=None, packages_select_build_failed=False, packages_skip_build_finished=False, packages_select_test_failures=False, packages_skip_test_passed=False, packages_select=['serial'], packages_skip=None, packages_select_regex=None, packages_skip_regex=None, packages_start=None, packages_end=None, allow_overriding=[], cmake_args=None, cmake_target=None, cmake_target_skip_unavailable=False, cmake_clean_cache=False, cmake_clean_first=False, cmake_force_configure=False, ament_cmake_args=None, catkin_cmake_args=None, catkin_skip_building_tests=False, verb_parser=<colcon_defaults.argument_parser.defaults.DefaultArgumentsDecorator object at 0x7b457b98cd90>, verb_extension=<colcon_core.verb.build.BuildVerb object at 0x7b457b98c460>, main=<bound method BuildVerb.main of <colcon_core.verb.build.BuildVerb object at 0x7b457b98c460>>)
[0.207s] Level 1:colcon.colcon_core.package_discovery:discover_packages(colcon_meta) check parameters
[0.207s] Level 1:colcon.colcon_core.package_discovery:discover_packages(recursive) check parameters
[0.207s] Level 1:colcon.colcon_core.package_discovery:discover_packages(ignore) check parameters
[0.207s] Level 1:colcon.colcon_core.package_discovery:discover_packages(path) check parameters
[0.207s] Level 1:colcon.colcon_core.package_discovery:discover_packages(colcon_meta) discover
[0.207s] Level 1:colcon.colcon_core.package_discovery:discover_packages(recursive) discover
[0.208s] INFO:colcon.colcon_core.package_discovery:Crawling recursively for packages in '/home/stanley/pangolin_ws'
[0.208s] Level 1:colcon.colcon_core.package_identification:_identify(.) by extensions ['ignore', 'ignore_ament_install']
[0.208s] Level 1:colcon.colcon_core.package_identification:_identify(.) by extension 'ignore'
[0.208s] Level 1:colcon.colcon_core.package_identification:_identify(.) by extension 'ignore_ament_install'
[0.208s] Level 1:colcon.colcon_core.package_identification:_identify(.) by extensions ['colcon_pkg']
[0.208s] Level 1:colcon.colcon_core.package_identification:_identify(.) by extension 'colcon_pkg'
[0.208s] Level 1:colcon.colcon_core.package_identification:_identify(.) by extensions ['colcon_meta']
[0.208s] Level 1:colcon.colcon_core.package_identification:_identify(.) by extension 'colcon_meta'
[0.208s] Level 1:colcon.colcon_core.package_identification:_identify(.) by extensions ['ros']
[0.208s] Level 1:colcon.colcon_core.package_identification:_identify(.) by extension 'ros'
[0.223s] Level 1:colcon.colcon_core.package_identification:_identify(.) by extensions ['cmake', 'python']
[0.223s] Level 1:colcon.colcon_core.package_identification:_identify(.) by extension 'cmake'
[0.223s] Level 1:colcon.colcon_core.package_identification:_identify(.) by extension 'python'
[0.223s] Level 1:colcon.colcon_core.package_identification:_identify(.) by extensions ['python_setup_py']
[0.223s] Level 1:colcon.colcon_core.package_identification:_identify(.) by extension 'python_setup_py'
[0.223s] Level 1:colcon.colcon_core.package_identification:_identify(build) by extensions ['ignore', 'ignore_ament_install']
[0.223s] Level 1:colcon.colcon_core.package_identification:_identify(build) by extension 'ignore'
[0.223s] Level 1:colcon.colcon_core.package_identification:_identify(build) ignored
[0.224s] Level 1:colcon.colcon_core.package_identification:_identify(install) by extensions ['ignore', 'ignore_ament_install']
[0.224s] Level 1:colcon.colcon_core.package_identification:_identify(install) by extension 'ignore'
[0.224s] Level 1:colcon.colcon_core.package_identification:_identify(install) ignored
[0.224s] Level 1:colcon.colcon_core.package_identification:_identify(log) by extensions ['ignore', 'ignore_ament_install']
[0.224s] Level 1:colcon.colcon_core.package_identification:_identify(log) by extension 'ignore'
[0.224s] Level 1:colcon.colcon_core.package_identification:_identify(log) ignored
[0.224s] Level 1:colcon.colcon_core.package_identification:_identify(src) by extensions ['ignore', 'ignore_ament_install']
[0.224s] Level 1:colcon.colcon_core.package_identification:_identify(src) by extension 'ignore'
[0.224s] Level 1:colcon.colcon_core.package_identification:_identify(src) by extension 'ignore_ament_install'
[0.224s] Level 1:colcon.colcon_core.package_identification:_identify(src) by extensions ['colcon_pkg']
[0.224s] Level 1:colcon.colcon_core.package_identification:_identify(src) by extension 'colcon_pkg'
[0.224s] Level 1:colcon.colcon_core.package_identification:_identify(src) by extensions ['colcon_meta']
[0.224s] Level 1:colcon.colcon_core.package_identification:_identify(src) by extension 'colcon_meta'
[0.224s] Level 1:colcon.colcon_core.package_identification:_identify(src) by extensions ['ros']
[0.224s] Level 1:colcon.colcon_core.package_identification:_identify(src) by extension 'ros'
[0.225s] Level 1:colcon.colcon_core.package_identification:_identify(src) by extensions ['cmake', 'python']
[0.225s] Level 1:colcon.colcon_core.package_identification:_identify(src) by extension 'cmake'
[0.225s] Level 1:colcon.colcon_core.package_identification:_identify(src) by extension 'python'
[0.225s] Level 1:colcon.colcon_core.package_identification:_identify(src) by extensions ['python_setup_py']
[0.225s] Level 1:colcon.colcon_core.package_identification:_identify(src) by extension 'python_setup_py'
[0.225s] Level 1:colcon.colcon_core.package_identification:_identify(src/quadruped_robot_4_DOF) by extensions ['ignore', 'ignore_ament_install']
[0.225s] Level 1:colcon.colcon_core.package_identification:_identify(src/quadruped_robot_4_DOF) by extension 'ignore'
[0.225s] Level 1:colcon.colcon_core.package_identification:_identify(src/quadruped_robot_4_DOF) by extension 'ignore_ament_install'
[0.225s] Level 1:colcon.colcon_core.package_identification:_identify(src/quadruped_robot_4_DOF) by extensions ['colcon_pkg']
[0.225s] Level 1:colcon.colcon_core.package_identification:_identify(src/quadruped_robot_4_DOF) by extension 'colcon_pkg'
[0.225s] Level 1:colcon.colcon_core.package_identification:_identify(src/quadruped_robot_4_DOF) by extensions ['colcon_meta']
[0.225s] Level 1:colcon.colcon_core.package_identification:_identify(src/quadruped_robot_4_DOF) by extension 'colcon_meta'
[0.225s] Level 1:colcon.colcon_core.package_identification:_identify(src/quadruped_robot_4_DOF) by extensions ['ros']
[0.225s] Level 1:colcon.colcon_core.package_identification:_identify(src/quadruped_robot_4_DOF) by extension 'ros'
[0.225s] Level 1:colcon.colcon_core.package_identification:_identify(src/quadruped_robot_4_DOF) by extensions ['cmake', 'python']
[0.225s] Level 1:colcon.colcon_core.package_identification:_identify(src/quadruped_robot_4_DOF) by extension 'cmake'
[0.225s] Level 1:colcon.colcon_core.package_identification:_identify(src/quadruped_robot_4_DOF) by extension 'python'
[0.225s] Level 1:colcon.colcon_core.package_identification:_identify(src/quadruped_robot_4_DOF) by extensions ['python_setup_py']
[0.225s] Level 1:colcon.colcon_core.package_identification:_identify(src/quadruped_robot_4_DOF) by extension 'python_setup_py'
[0.226s] Level 1:colcon.colcon_core.package_identification:_identify(src/quadruped_robot_4_DOF/images) by extensions ['ignore', 'ignore_ament_install']
[0.226s] Level 1:colcon.colcon_core.package_identification:_identify(src/quadruped_robot_4_DOF/images) by extension 'ignore'
[0.226s] Level 1:colcon.colcon_core.package_identification:_identify(src/quadruped_robot_4_DOF/images) by extension 'ignore_ament_install'
[0.226s] Level 1:colcon.colcon_core.package_identification:_identify(src/quadruped_robot_4_DOF/images) by extensions ['colcon_pkg']
[0.226s] Level 1:colcon.colcon_core.package_identification:_identify(src/quadruped_robot_4_DOF/images) by extension 'colcon_pkg'
[0.226s] Level 1:colcon.colcon_core.package_identification:_identify(src/quadruped_robot_4_DOF/images) by extensions ['colcon_meta']
[0.226s] Level 1:colcon.colcon_core.package_identification:_identify(src/quadruped_robot_4_DOF/images) by extension 'colcon_meta'
[0.226s] Level 1:colcon.colcon_core.package_identification:_identify(src/quadruped_robot_4_DOF/images) by extensions ['ros']
[0.226s] Level 1:colcon.colcon_core.package_identification:_identify(src/quadruped_robot_4_DOF/images) by extension 'ros'
[0.226s] Level 1:colcon.colcon_core.package_identification:_identify(src/quadruped_robot_4_DOF/images) by extensions ['cmake', 'python']
[0.226s] Level 1:colcon.colcon_core.package_identification:_identify(src/quadruped_robot_4_DOF/images) by extension 'cmake'
[0.226s] Level 1:colcon.colcon_core.package_identification:_identify(src/quadruped_robot_4_DOF/images) by extension 'python'
[0.226s] Level 1:colcon.colcon_core.package_identification:_identify(src/quadruped_robot_4_DOF/images) by extensions ['python_setup_py']
[0.226s] Level 1:colcon.colcon_core.package_identification:_identify(src/quadruped_robot_4_DOF/images) by extension 'python_setup_py'
[0.226s] Level 1:colcon.colcon_core.package_identification:_identify(src/quadruped_robot_4_DOF/pangolin_apriltag) by extensions ['ignore', 'ignore_ament_install']
[0.226s] Level 1:colcon.colcon_core.package_identification:_identify(src/quadruped_robot_4_DOF/pangolin_apriltag) by extension 'ignore'
[0.226s] Level 1:colcon.colcon_core.package_identification:_identify(src/quadruped_robot_4_DOF/pangolin_apriltag) by extension 'ignore_ament_install'
[0.226s] Level 1:colcon.colcon_core.package_identification:_identify(src/quadruped_robot_4_DOF/pangolin_apriltag) by extensions ['colcon_pkg']
[0.226s] Level 1:colcon.colcon_core.package_identification:_identify(src/quadruped_robot_4_DOF/pangolin_apriltag) by extension 'colcon_pkg'
[0.226s] Level 1:colcon.colcon_core.package_identification:_identify(src/quadruped_robot_4_DOF/pangolin_apriltag) by extensions ['colcon_meta']
[0.226s] Level 1:colcon.colcon_core.package_identification:_identify(src/quadruped_robot_4_DOF/pangolin_apriltag) by extension 'colcon_meta'
[0.227s] Level 1:colcon.colcon_core.package_identification:_identify(src/quadruped_robot_4_DOF/pangolin_apriltag) by extensions ['ros']
[0.227s] Level 1:colcon.colcon_core.package_identification:_identify(src/quadruped_robot_4_DOF/pangolin_apriltag) by extension 'ros'
[0.227s] Level 1:colcon.colcon_core.package_identification:_identify(src/quadruped_robot_4_DOF/pangolin_apriltag) by extensions ['cmake', 'python']
[0.227s] Level 1:colcon.colcon_core.package_identification:_identify(src/quadruped_robot_4_DOF/pangolin_apriltag) by extension 'cmake'
[0.227s] Level 1:colcon.colcon_core.package_identification:_identify(src/quadruped_robot_4_DOF/pangolin_apriltag) by extension 'python'
[0.227s] Level 1:colcon.colcon_core.package_identification:_identify(src/quadruped_robot_4_DOF/pangolin_apriltag) by extensions ['python_setup_py']
[0.227s] Level 1:colcon.colcon_core.package_identification:_identify(src/quadruped_robot_4_DOF/pangolin_apriltag) by extension 'python_setup_py'
[0.227s] Level 1:colcon.colcon_core.package_identification:_identify(src/quadruped_robot_4_DOF/pangolin_apriltag/apriltag_localize) by extensions ['ignore', 'ignore_ament_install']
[0.227s] Level 1:colcon.colcon_core.package_identification:_identify(src/quadruped_robot_4_DOF/pangolin_apriltag/apriltag_localize) by extension 'ignore'
[0.227s] Level 1:colcon.colcon_core.package_identification:_identify(src/quadruped_robot_4_DOF/pangolin_apriltag/apriltag_localize) by extension 'ignore_ament_install'
[0.227s] Level 1:colcon.colcon_core.package_identification:_identify(src/quadruped_robot_4_DOF/pangolin_apriltag/apriltag_localize) by extensions ['colcon_pkg']
[0.227s] Level 1:colcon.colcon_core.package_identification:_identify(src/quadruped_robot_4_DOF/pangolin_apriltag/apriltag_localize) by extension 'colcon_pkg'
[0.227s] Level 1:colcon.colcon_core.package_identification:_identify(src/quadruped_robot_4_DOF/pangolin_apriltag/apriltag_localize) by extensions ['colcon_meta']
[0.227s] Level 1:colcon.colcon_core.package_identification:_identify(src/quadruped_robot_4_DOF/pangolin_apriltag/apriltag_localize) by extension 'colcon_meta'
[0.227s] Level 1:colcon.colcon_core.package_identification:_identify(src/quadruped_robot_4_DOF/pangolin_apriltag/apriltag_localize) by extensions ['ros']
[0.227s] Level 1:colcon.colcon_core.package_identification:_identify(src/quadruped_robot_4_DOF/pangolin_apriltag/apriltag_localize) by extension 'ros'
[0.231s] DEBUG:colcon.colcon_core.package_identification:Package 'src/quadruped_robot_4_DOF/pangolin_apriltag/apriltag_localize' with type 'ros.ament_python' and name 'apriltag_localize'
[0.231s] Level 1:colcon.colcon_core.package_identification:_identify(src/quadruped_robot_4_DOF/pangolin_apriltag/pangolin_isaac_ros_apriltag) by extensions ['ignore', 'ignore_ament_install']
[0.231s] Level 1:colcon.colcon_core.package_identification:_identify(src/quadruped_robot_4_DOF/pangolin_apriltag/pangolin_isaac_ros_apriltag) by extension 'ignore'
[0.231s] Level 1:colcon.colcon_core.package_identification:_identify(src/quadruped_robot_4_DOF/pangolin_apriltag/pangolin_isaac_ros_apriltag) by extension 'ignore_ament_install'
[0.231s] Level 1:colcon.colcon_core.package_identification:_identify(src/quadruped_robot_4_DOF/pangolin_apriltag/pangolin_isaac_ros_apriltag) by extensions ['colcon_pkg']
[0.231s] Level 1:colcon.colcon_core.package_identification:_identify(src/quadruped_robot_4_DOF/pangolin_apriltag/pangolin_isaac_ros_apriltag) by extension 'colcon_pkg'
[0.231s] Level 1:colcon.colcon_core.package_identification:_identify(src/quadruped_robot_4_DOF/pangolin_apriltag/pangolin_isaac_ros_apriltag) by extensions ['colcon_meta']
[0.231s] Level 1:colcon.colcon_core.package_identification:_identify(src/quadruped_robot_4_DOF/pangolin_apriltag/pangolin_isaac_ros_apriltag) by extension 'colcon_meta'
[0.231s] Level 1:colcon.colcon_core.package_identification:_identify(src/quadruped_robot_4_DOF/pangolin_apriltag/pangolin_isaac_ros_apriltag) by extensions ['ros']
[0.231s] Level 1:colcon.colcon_core.package_identification:_identify(src/quadruped_robot_4_DOF/pangolin_apriltag/pangolin_isaac_ros_apriltag) by extension 'ros'
[0.232s] DEBUG:colcon.colcon_core.package_identification:Package 'src/quadruped_robot_4_DOF/pangolin_apriltag/pangolin_isaac_ros_apriltag' with type 'ros.ament_cmake' and name 'pangolin_isaac_ros_apriltag'
[0.232s] Level 1:colcon.colcon_core.package_identification:_identify(src/quadruped_robot_4_DOF/pangolin_base) by extensions ['ignore', 'ignore_ament_install']
[0.232s] Level 1:colcon.colcon_core.package_identification:_identify(src/quadruped_robot_4_DOF/pangolin_base) by extension 'ignore'
[0.232s] Level 1:colcon.colcon_core.package_identification:_identify(src/quadruped_robot_4_DOF/pangolin_base) by extension 'ignore_ament_install'
[0.232s] Level 1:colcon.colcon_core.package_identification:_identify(src/quadruped_robot_4_DOF/pangolin_base) by extensions ['colcon_pkg']
[0.232s] Level 1:colcon.colcon_core.package_identification:_identify(src/quadruped_robot_4_DOF/pangolin_base) by extension 'colcon_pkg'
[0.232s] Level 1:colcon.colcon_core.package_identification:_identify(src/quadruped_robot_4_DOF/pangolin_base) by extensions ['colcon_meta']
[0.232s] Level 1:colcon.colcon_core.package_identification:_identify(src/quadruped_robot_4_DOF/pangolin_base) by extension 'colcon_meta'
[0.232s] Level 1:colcon.colcon_core.package_identification:_identify(src/quadruped_robot_4_DOF/pangolin_base) by extensions ['ros']
[0.232s] Level 1:colcon.colcon_core.package_identification:_identify(src/quadruped_robot_4_DOF/pangolin_base) by extension 'ros'
[0.232s] Level 1:colcon.colcon_core.package_identification:_identify(src/quadruped_robot_4_DOF/pangolin_base) by extensions ['cmake', 'python']
[0.233s] Level 1:colcon.colcon_core.package_identification:_identify(src/quadruped_robot_4_DOF/pangolin_base) by extension 'cmake'
[0.233s] Level 1:colcon.colcon_core.package_identification:_identify(src/quadruped_robot_4_DOF/pangolin_base) by extension 'python'
[0.233s] Level 1:colcon.colcon_core.package_identification:_identify(src/quadruped_robot_4_DOF/pangolin_base) by extensions ['python_setup_py']
[0.233s] Level 1:colcon.colcon_core.package_identification:_identify(src/quadruped_robot_4_DOF/pangolin_base) by extension 'python_setup_py'
[0.233s] Level 1:colcon.colcon_core.package_identification:_identify(src/quadruped_robot_4_DOF/pangolin_base/LOG) by extensions ['ignore', 'ignore_ament_install']
[0.233s] Level 1:colcon.colcon_core.package_identification:_identify(src/quadruped_robot_4_DOF/pangolin_base/LOG) by extension 'ignore'
[0.233s] Level 1:colcon.colcon_core.package_identification:_identify(src/quadruped_robot_4_DOF/pangolin_base/LOG) by extension 'ignore_ament_install'
[0.233s] Level 1:colcon.colcon_core.package_identification:_identify(src/quadruped_robot_4_DOF/pangolin_base/LOG) by extensions ['colcon_pkg']
[0.233s] Level 1:colcon.colcon_core.package_identification:_identify(src/quadruped_robot_4_DOF/pangolin_base/LOG) by extension 'colcon_pkg'
[0.233s] Level 1:colcon.colcon_core.package_identification:_identify(src/quadruped_robot_4_DOF/pangolin_base/LOG) by extensions ['colcon_meta']
[0.233s] Level 1:colcon.colcon_core.package_identification:_identify(src/quadruped_robot_4_DOF/pangolin_base/LOG) by extension 'colcon_meta'
[0.233s] Level 1:colcon.colcon_core.package_identification:_identify(src/quadruped_robot_4_DOF/pangolin_base/LOG) by extensions ['ros']
[0.233s] Level 1:colcon.colcon_core.package_identification:_identify(src/quadruped_robot_4_DOF/pangolin_base/LOG) by extension 'ros'
[0.233s] Level 1:colcon.colcon_core.package_identification:_identify(src/quadruped_robot_4_DOF/pangolin_base/LOG) by extensions ['cmake', 'python']
[0.233s] Level 1:colcon.colcon_core.package_identification:_identify(src/quadruped_robot_4_DOF/pangolin_base/LOG) by extension 'cmake'
[0.233s] Level 1:colcon.colcon_core.package_identification:_identify(src/quadruped_robot_4_DOF/pangolin_base/LOG) by extension 'python'
[0.233s] Level 1:colcon.colcon_core.package_identification:_identify(src/quadruped_robot_4_DOF/pangolin_base/LOG) by extensions ['python_setup_py']
[0.233s] Level 1:colcon.colcon_core.package_identification:_identify(src/quadruped_robot_4_DOF/pangolin_base/LOG) by extension 'python_setup_py'
[0.233s] Level 1:colcon.colcon_core.package_identification:_identify(src/quadruped_robot_4_DOF/pangolin_base/Specification) by extensions ['ignore', 'ignore_ament_install']
[0.234s] Level 1:colcon.colcon_core.package_identification:_identify(src/quadruped_robot_4_DOF/pangolin_base/Specification) by extension 'ignore'
[0.234s] Level 1:colcon.colcon_core.package_identification:_identify(src/quadruped_robot_4_DOF/pangolin_base/Specification) by extension 'ignore_ament_install'
[0.234s] Level 1:colcon.colcon_core.package_identification:_identify(src/quadruped_robot_4_DOF/pangolin_base/Specification) by extensions ['colcon_pkg']
[0.234s] Level 1:colcon.colcon_core.package_identification:_identify(src/quadruped_robot_4_DOF/pangolin_base/Specification) by extension 'colcon_pkg'
[0.234s] Level 1:colcon.colcon_core.package_identification:_identify(src/quadruped_robot_4_DOF/pangolin_base/Specification) by extensions ['colcon_meta']
[0.234s] Level 1:colcon.colcon_core.package_identification:_identify(src/quadruped_robot_4_DOF/pangolin_base/Specification) by extension 'colcon_meta'
[0.234s] Level 1:colcon.colcon_core.package_identification:_identify(src/quadruped_robot_4_DOF/pangolin_base/Specification) by extensions ['ros']
[0.234s] Level 1:colcon.colcon_core.package_identification:_identify(src/quadruped_robot_4_DOF/pangolin_base/Specification) by extension 'ros'
[0.234s] Level 1:colcon.colcon_core.package_identification:_identify(src/quadruped_robot_4_DOF/pangolin_base/Specification) by extensions ['cmake', 'python']
[0.234s] Level 1:colcon.colcon_core.package_identification:_identify(src/quadruped_robot_4_DOF/pangolin_base/Specification) by extension 'cmake'
[0.234s] Level 1:colcon.colcon_core.package_identification:_identify(src/quadruped_robot_4_DOF/pangolin_base/Specification) by extension 'python'
[0.234s] Level 1:colcon.colcon_core.package_identification:_identify(src/quadruped_robot_4_DOF/pangolin_base/Specification) by extensions ['python_setup_py']
[0.234s] Level 1:colcon.colcon_core.package_identification:_identify(src/quadruped_robot_4_DOF/pangolin_base/Specification) by extension 'python_setup_py'
[0.234s] Level 1:colcon.colcon_core.package_identification:_identify(src/quadruped_robot_4_DOF/pangolin_bringup) by extensions ['ignore', 'ignore_ament_install']
[0.234s] Level 1:colcon.colcon_core.package_identification:_identify(src/quadruped_robot_4_DOF/pangolin_bringup) by extension 'ignore'
[0.234s] Level 1:colcon.colcon_core.package_identification:_identify(src/quadruped_robot_4_DOF/pangolin_bringup) by extension 'ignore_ament_install'
[0.234s] Level 1:colcon.colcon_core.package_identification:_identify(src/quadruped_robot_4_DOF/pangolin_bringup) by extensions ['colcon_pkg']
[0.234s] Level 1:colcon.colcon_core.package_identification:_identify(src/quadruped_robot_4_DOF/pangolin_bringup) by extension 'colcon_pkg'
[0.234s] Level 1:colcon.colcon_core.package_identification:_identify(src/quadruped_robot_4_DOF/pangolin_bringup) by extensions ['colcon_meta']
[0.234s] Level 1:colcon.colcon_core.package_identification:_identify(src/quadruped_robot_4_DOF/pangolin_bringup) by extension 'colcon_meta'
[0.234s] Level 1:colcon.colcon_core.package_identification:_identify(src/quadruped_robot_4_DOF/pangolin_bringup) by extensions ['ros']
[0.234s] Level 1:colcon.colcon_core.package_identification:_identify(src/quadruped_robot_4_DOF/pangolin_bringup) by extension 'ros'
[0.235s] DEBUG:colcon.colcon_core.package_identification:Package 'src/quadruped_robot_4_DOF/pangolin_bringup' with type 'ros.ament_cmake' and name 'pangolin_bringup'
[0.235s] Level 1:colcon.colcon_core.package_identification:_identify(src/quadruped_robot_4_DOF/pangolin_control) by extensions ['ignore', 'ignore_ament_install']
[0.235s] Level 1:colcon.colcon_core.package_identification:_identify(src/quadruped_robot_4_DOF/pangolin_control) by extension 'ignore'
[0.235s] Level 1:colcon.colcon_core.package_identification:_identify(src/quadruped_robot_4_DOF/pangolin_control) by extension 'ignore_ament_install'
[0.235s] Level 1:colcon.colcon_core.package_identification:_identify(src/quadruped_robot_4_DOF/pangolin_control) by extensions ['colcon_pkg']
[0.235s] Level 1:colcon.colcon_core.package_identification:_identify(src/quadruped_robot_4_DOF/pangolin_control) by extension 'colcon_pkg'
[0.236s] Level 1:colcon.colcon_core.package_identification:_identify(src/quadruped_robot_4_DOF/pangolin_control) by extensions ['colcon_meta']
[0.236s] Level 1:colcon.colcon_core.package_identification:_identify(src/quadruped_robot_4_DOF/pangolin_control) by extension 'colcon_meta'
[0.236s] Level 1:colcon.colcon_core.package_identification:_identify(src/quadruped_robot_4_DOF/pangolin_control) by extensions ['ros']
[0.236s] Level 1:colcon.colcon_core.package_identification:_identify(src/quadruped_robot_4_DOF/pangolin_control) by extension 'ros'
[0.236s] DEBUG:colcon.colcon_core.package_identification:Package 'src/quadruped_robot_4_DOF/pangolin_control' with type 'ros.ament_python' and name 'pangolin_control'
[0.236s] Level 1:colcon.colcon_core.package_identification:_identify(src/quadruped_robot_4_DOF/pangolin_description) by extensions ['ignore', 'ignore_ament_install']
[0.236s] Level 1:colcon.colcon_core.package_identification:_identify(src/quadruped_robot_4_DOF/pangolin_description) by extension 'ignore'
[0.236s] Level 1:colcon.colcon_core.package_identification:_identify(src/quadruped_robot_4_DOF/pangolin_description) by extension 'ignore_ament_install'
[0.237s] Level 1:colcon.colcon_core.package_identification:_identify(src/quadruped_robot_4_DOF/pangolin_description) by extensions ['colcon_pkg']
[0.237s] Level 1:colcon.colcon_core.package_identification:_identify(src/quadruped_robot_4_DOF/pangolin_description) by extension 'colcon_pkg'
[0.237s] Level 1:colcon.colcon_core.package_identification:_identify(src/quadruped_robot_4_DOF/pangolin_description) by extensions ['colcon_meta']
[0.237s] Level 1:colcon.colcon_core.package_identification:_identify(src/quadruped_robot_4_DOF/pangolin_description) by extension 'colcon_meta'
[0.237s] Level 1:colcon.colcon_core.package_identification:_identify(src/quadruped_robot_4_DOF/pangolin_description) by extensions ['ros']
[0.237s] Level 1:colcon.colcon_core.package_identification:_identify(src/quadruped_robot_4_DOF/pangolin_description) by extension 'ros'
[0.237s] DEBUG:colcon.colcon_core.package_identification:Package 'src/quadruped_robot_4_DOF/pangolin_description' with type 'ros.ament_cmake' and name 'pangolin_description'
[0.237s] Level 1:colcon.colcon_core.package_identification:_identify(src/quadruped_robot_4_DOF/pangolin_imu) by extensions ['ignore', 'ignore_ament_install']
[0.237s] Level 1:colcon.colcon_core.package_identification:_identify(src/quadruped_robot_4_DOF/pangolin_imu) by extension 'ignore'
[0.237s] Level 1:colcon.colcon_core.package_identification:_identify(src/quadruped_robot_4_DOF/pangolin_imu) by extension 'ignore_ament_install'
[0.238s] Level 1:colcon.colcon_core.package_identification:_identify(src/quadruped_robot_4_DOF/pangolin_imu) by extensions ['colcon_pkg']
[0.238s] Level 1:colcon.colcon_core.package_identification:_identify(src/quadruped_robot_4_DOF/pangolin_imu) by extension 'colcon_pkg'
[0.238s] Level 1:colcon.colcon_core.package_identification:_identify(src/quadruped_robot_4_DOF/pangolin_imu) by extensions ['colcon_meta']
[0.238s] Level 1:colcon.colcon_core.package_identification:_identify(src/quadruped_robot_4_DOF/pangolin_imu) by extension 'colcon_meta'
[0.238s] Level 1:colcon.colcon_core.package_identification:_identify(src/quadruped_robot_4_DOF/pangolin_imu) by extensions ['ros']
[0.238s] Level 1:colcon.colcon_core.package_identification:_identify(src/quadruped_robot_4_DOF/pangolin_imu) by extension 'ros'
[0.238s] Level 1:colcon.colcon_core.package_identification:_identify(src/quadruped_robot_4_DOF/pangolin_imu) by extensions ['cmake', 'python']
[0.238s] Level 1:colcon.colcon_core.package_identification:_identify(src/quadruped_robot_4_DOF/pangolin_imu) by extension 'cmake'
[0.238s] Level 1:colcon.colcon_core.package_identification:_identify(src/quadruped_robot_4_DOF/pangolin_imu) by extension 'python'
[0.238s] Level 1:colcon.colcon_core.package_identification:_identify(src/quadruped_robot_4_DOF/pangolin_imu) by extensions ['python_setup_py']
[0.238s] Level 1:colcon.colcon_core.package_identification:_identify(src/quadruped_robot_4_DOF/pangolin_imu) by extension 'python_setup_py'
[0.238s] Level 1:colcon.colcon_core.package_identification:_identify(src/quadruped_robot_4_DOF/pangolin_imu/fdlink_ahrs) by extensions ['ignore', 'ignore_ament_install']
[0.238s] Level 1:colcon.colcon_core.package_identification:_identify(src/quadruped_robot_4_DOF/pangolin_imu/fdlink_ahrs) by extension 'ignore'
[0.238s] Level 1:colcon.colcon_core.package_identification:_identify(src/quadruped_robot_4_DOF/pangolin_imu/fdlink_ahrs) by extension 'ignore_ament_install'
[0.238s] Level 1:colcon.colcon_core.package_identification:_identify(src/quadruped_robot_4_DOF/pangolin_imu/fdlink_ahrs) by extensions ['colcon_pkg']
[0.238s] Level 1:colcon.colcon_core.package_identification:_identify(src/quadruped_robot_4_DOF/pangolin_imu/fdlink_ahrs) by extension 'colcon_pkg'
[0.238s] Level 1:colcon.colcon_core.package_identification:_identify(src/quadruped_robot_4_DOF/pangolin_imu/fdlink_ahrs) by extensions ['colcon_meta']
[0.238s] Level 1:colcon.colcon_core.package_identification:_identify(src/quadruped_robot_4_DOF/pangolin_imu/fdlink_ahrs) by extension 'colcon_meta'
[0.238s] Level 1:colcon.colcon_core.package_identification:_identify(src/quadruped_robot_4_DOF/pangolin_imu/fdlink_ahrs) by extensions ['ros']
[0.238s] Level 1:colcon.colcon_core.package_identification:_identify(src/quadruped_robot_4_DOF/pangolin_imu/fdlink_ahrs) by extension 'ros'
[0.239s] DEBUG:colcon.colcon_core.package_identification:Package 'src/quadruped_robot_4_DOF/pangolin_imu/fdlink_ahrs' with type 'ros.ament_cmake' and name 'fdlink_ahrs'
[0.239s] Level 1:colcon.colcon_core.package_identification:_identify(src/quadruped_robot_4_DOF/pangolin_imu/serial-ros2) by extensions ['ignore', 'ignore_ament_install']
[0.240s] Level 1:colcon.colcon_core.package_identification:_identify(src/quadruped_robot_4_DOF/pangolin_imu/serial-ros2) by extension 'ignore'
[0.240s] Level 1:colcon.colcon_core.package_identification:_identify(src/quadruped_robot_4_DOF/pangolin_imu/serial-ros2) by extension 'ignore_ament_install'
[0.240s] Level 1:colcon.colcon_core.package_identification:_identify(src/quadruped_robot_4_DOF/pangolin_imu/serial-ros2) by extensions ['colcon_pkg']
[0.240s] Level 1:colcon.colcon_core.package_identification:_identify(src/quadruped_robot_4_DOF/pangolin_imu/serial-ros2) by extension 'colcon_pkg'
[0.240s] Level 1:colcon.colcon_core.package_identification:_identify(src/quadruped_robot_4_DOF/pangolin_imu/serial-ros2) by extensions ['colcon_meta']
[0.240s] Level 1:colcon.colcon_core.package_identification:_identify(src/quadruped_robot_4_DOF/pangolin_imu/serial-ros2) by extension 'colcon_meta'
[0.240s] Level 1:colcon.colcon_core.package_identification:_identify(src/quadruped_robot_4_DOF/pangolin_imu/serial-ros2) by extensions ['ros']
[0.240s] Level 1:colcon.colcon_core.package_identification:_identify(src/quadruped_robot_4_DOF/pangolin_imu/serial-ros2) by extension 'ros'
[0.241s] DEBUG:colcon.colcon_core.package_identification:Package 'src/quadruped_robot_4_DOF/pangolin_imu/serial-ros2' with type 'ros.ament_cmake' and name 'serial'
[0.241s] Level 1:colcon.colcon_core.package_identification:_identify(src/quadruped_robot_4_DOF/pangolin_navigation) by extensions ['ignore', 'ignore_ament_install']
[0.241s] Level 1:colcon.colcon_core.package_identification:_identify(src/quadruped_robot_4_DOF/pangolin_navigation) by extension 'ignore'
[0.241s] Level 1:colcon.colcon_core.package_identification:_identify(src/quadruped_robot_4_DOF/pangolin_navigation) by extension 'ignore_ament_install'
[0.241s] Level 1:colcon.colcon_core.package_identification:_identify(src/quadruped_robot_4_DOF/pangolin_navigation) by extensions ['colcon_pkg']
[0.241s] Level 1:colcon.colcon_core.package_identification:_identify(src/quadruped_robot_4_DOF/pangolin_navigation) by extension 'colcon_pkg'
[0.241s] Level 1:colcon.colcon_core.package_identification:_identify(src/quadruped_robot_4_DOF/pangolin_navigation) by extensions ['colcon_meta']
[0.241s] Level 1:colcon.colcon_core.package_identification:_identify(src/quadruped_robot_4_DOF/pangolin_navigation) by extension 'colcon_meta'
[0.241s] Level 1:colcon.colcon_core.package_identification:_identify(src/quadruped_robot_4_DOF/pangolin_navigation) by extensions ['ros']
[0.241s] Level 1:colcon.colcon_core.package_identification:_identify(src/quadruped_robot_4_DOF/pangolin_navigation) by extension 'ros'
[0.241s] Level 1:colcon.colcon_core.package_identification:_identify(src/quadruped_robot_4_DOF/pangolin_navigation) by extensions ['cmake', 'python']
[0.241s] Level 1:colcon.colcon_core.package_identification:_identify(src/quadruped_robot_4_DOF/pangolin_navigation) by extension 'cmake'
[0.241s] Level 1:colcon.colcon_core.package_identification:_identify(src/quadruped_robot_4_DOF/pangolin_navigation) by extension 'python'
[0.241s] Level 1:colcon.colcon_core.package_identification:_identify(src/quadruped_robot_4_DOF/pangolin_navigation) by extensions ['python_setup_py']
[0.241s] Level 1:colcon.colcon_core.package_identification:_identify(src/quadruped_robot_4_DOF/pangolin_navigation) by extension 'python_setup_py'
[0.241s] Level 1:colcon.colcon_core.package_identification:_identify(src/quadruped_robot_4_DOF/pangolin_navigation/nav2_bringup) by extensions ['ignore', 'ignore_ament_install']
[0.241s] Level 1:colcon.colcon_core.package_identification:_identify(src/quadruped_robot_4_DOF/pangolin_navigation/nav2_bringup) by extension 'ignore'
[0.241s] Level 1:colcon.colcon_core.package_identification:_identify(src/quadruped_robot_4_DOF/pangolin_navigation/nav2_bringup) by extension 'ignore_ament_install'
[0.241s] Level 1:colcon.colcon_core.package_identification:_identify(src/quadruped_robot_4_DOF/pangolin_navigation/nav2_bringup) by extensions ['colcon_pkg']
[0.241s] Level 1:colcon.colcon_core.package_identification:_identify(src/quadruped_robot_4_DOF/pangolin_navigation/nav2_bringup) by extension 'colcon_pkg'
[0.241s] Level 1:colcon.colcon_core.package_identification:_identify(src/quadruped_robot_4_DOF/pangolin_navigation/nav2_bringup) by extensions ['colcon_meta']
[0.241s] Level 1:colcon.colcon_core.package_identification:_identify(src/quadruped_robot_4_DOF/pangolin_navigation/nav2_bringup) by extension 'colcon_meta'
[0.241s] Level 1:colcon.colcon_core.package_identification:_identify(src/quadruped_robot_4_DOF/pangolin_navigation/nav2_bringup) by extensions ['ros']
[0.241s] Level 1:colcon.colcon_core.package_identification:_identify(src/quadruped_robot_4_DOF/pangolin_navigation/nav2_bringup) by extension 'ros'
[0.242s] DEBUG:colcon.colcon_core.package_identification:Package 'src/quadruped_robot_4_DOF/pangolin_navigation/nav2_bringup' with type 'ros.ament_cmake' and name 'pangolin_navigation'
[0.242s] Level 1:colcon.colcon_core.package_identification:_identify(src/quadruped_robot_4_DOF/pangolin_navigation/nav2_commander) by extensions ['ignore', 'ignore_ament_install']
[0.242s] Level 1:colcon.colcon_core.package_identification:_identify(src/quadruped_robot_4_DOF/pangolin_navigation/nav2_commander) by extension 'ignore'
[0.242s] Level 1:colcon.colcon_core.package_identification:_identify(src/quadruped_robot_4_DOF/pangolin_navigation/nav2_commander) by extension 'ignore_ament_install'
[0.242s] Level 1:colcon.colcon_core.package_identification:_identify(src/quadruped_robot_4_DOF/pangolin_navigation/nav2_commander) by extensions ['colcon_pkg']
[0.242s] Level 1:colcon.colcon_core.package_identification:_identify(src/quadruped_robot_4_DOF/pangolin_navigation/nav2_commander) by extension 'colcon_pkg'
[0.242s] Level 1:colcon.colcon_core.package_identification:_identify(src/quadruped_robot_4_DOF/pangolin_navigation/nav2_commander) by extensions ['colcon_meta']
[0.242s] Level 1:colcon.colcon_core.package_identification:_identify(src/quadruped_robot_4_DOF/pangolin_navigation/nav2_commander) by extension 'colcon_meta'
[0.242s] Level 1:colcon.colcon_core.package_identification:_identify(src/quadruped_robot_4_DOF/pangolin_navigation/nav2_commander) by extensions ['ros']
[0.242s] Level 1:colcon.colcon_core.package_identification:_identify(src/quadruped_robot_4_DOF/pangolin_navigation/nav2_commander) by extension 'ros'
[0.242s] DEBUG:colcon.colcon_core.package_identification:Package 'src/quadruped_robot_4_DOF/pangolin_navigation/nav2_commander' with type 'ros.ament_python' and name 'nav2_commander'
[0.242s] Level 1:colcon.colcon_core.package_identification:_identify(src/quadruped_robot_4_DOF/pangolin_navigation/pangolin_visual_nav) by extensions ['ignore', 'ignore_ament_install']
[0.242s] Level 1:colcon.colcon_core.package_identification:_identify(src/quadruped_robot_4_DOF/pangolin_navigation/pangolin_visual_nav) by extension 'ignore'
[0.242s] Level 1:colcon.colcon_core.package_identification:_identify(src/quadruped_robot_4_DOF/pangolin_navigation/pangolin_visual_nav) by extension 'ignore_ament_install'
[0.242s] Level 1:colcon.colcon_core.package_identification:_identify(src/quadruped_robot_4_DOF/pangolin_navigation/pangolin_visual_nav) by extensions ['colcon_pkg']
[0.242s] Level 1:colcon.colcon_core.package_identification:_identify(src/quadruped_robot_4_DOF/pangolin_navigation/pangolin_visual_nav) by extension 'colcon_pkg'
[0.242s] Level 1:colcon.colcon_core.package_identification:_identify(src/quadruped_robot_4_DOF/pangolin_navigation/pangolin_visual_nav) by extensions ['colcon_meta']
[0.242s] Level 1:colcon.colcon_core.package_identification:_identify(src/quadruped_robot_4_DOF/pangolin_navigation/pangolin_visual_nav) by extension 'colcon_meta'
[0.242s] Level 1:colcon.colcon_core.package_identification:_identify(src/quadruped_robot_4_DOF/pangolin_navigation/pangolin_visual_nav) by extensions ['ros']
[0.242s] Level 1:colcon.colcon_core.package_identification:_identify(src/quadruped_robot_4_DOF/pangolin_navigation/pangolin_visual_nav) by extension 'ros'
[0.243s] DEBUG:colcon.colcon_core.package_identification:Package 'src/quadruped_robot_4_DOF/pangolin_navigation/pangolin_visual_nav' with type 'ros.ament_python' and name 'pangolin_visual_nav'
[0.243s] Level 1:colcon.colcon_core.package_identification:_identify(src/quadruped_robot_4_DOF/pangolin_visual_slam) by extensions ['ignore', 'ignore_ament_install']
[0.243s] Level 1:colcon.colcon_core.package_identification:_identify(src/quadruped_robot_4_DOF/pangolin_visual_slam) by extension 'ignore'
[0.243s] Level 1:colcon.colcon_core.package_identification:_identify(src/quadruped_robot_4_DOF/pangolin_visual_slam) by extension 'ignore_ament_install'
[0.243s] Level 1:colcon.colcon_core.package_identification:_identify(src/quadruped_robot_4_DOF/pangolin_visual_slam) by extensions ['colcon_pkg']
[0.243s] Level 1:colcon.colcon_core.package_identification:_identify(src/quadruped_robot_4_DOF/pangolin_visual_slam) by extension 'colcon_pkg'
[0.243s] Level 1:colcon.colcon_core.package_identification:_identify(src/quadruped_robot_4_DOF/pangolin_visual_slam) by extensions ['colcon_meta']
[0.243s] Level 1:colcon.colcon_core.package_identification:_identify(src/quadruped_robot_4_DOF/pangolin_visual_slam) by extension 'colcon_meta'
[0.243s] Level 1:colcon.colcon_core.package_identification:_identify(src/quadruped_robot_4_DOF/pangolin_visual_slam) by extensions ['ros']
[0.243s] Level 1:colcon.colcon_core.package_identification:_identify(src/quadruped_robot_4_DOF/pangolin_visual_slam) by extension 'ros'
[0.243s] Level 1:colcon.colcon_core.package_identification:_identify(src/quadruped_robot_4_DOF/pangolin_visual_slam) by extensions ['cmake', 'python']
[0.243s] Level 1:colcon.colcon_core.package_identification:_identify(src/quadruped_robot_4_DOF/pangolin_visual_slam) by extension 'cmake'
[0.243s] Level 1:colcon.colcon_core.package_identification:_identify(src/quadruped_robot_4_DOF/pangolin_visual_slam) by extension 'python'
[0.243s] Level 1:colcon.colcon_core.package_identification:_identify(src/quadruped_robot_4_DOF/pangolin_visual_slam) by extensions ['python_setup_py']
[0.243s] Level 1:colcon.colcon_core.package_identification:_identify(src/quadruped_robot_4_DOF/pangolin_visual_slam) by extension 'python_setup_py'
[0.243s] Level 1:colcon.colcon_core.package_identification:_identify(src/quadruped_robot_4_DOF/pangolin_visual_slam/nav2_vslam_localize) by extensions ['ignore', 'ignore_ament_install']
[0.243s] Level 1:colcon.colcon_core.package_identification:_identify(src/quadruped_robot_4_DOF/pangolin_visual_slam/nav2_vslam_localize) by extension 'ignore'
[0.243s] Level 1:colcon.colcon_core.package_identification:_identify(src/quadruped_robot_4_DOF/pangolin_visual_slam/nav2_vslam_localize) by extension 'ignore_ament_install'
[0.243s] Level 1:colcon.colcon_core.package_identification:_identify(src/quadruped_robot_4_DOF/pangolin_visual_slam/nav2_vslam_localize) by extensions ['colcon_pkg']
[0.243s] Level 1:colcon.colcon_core.package_identification:_identify(src/quadruped_robot_4_DOF/pangolin_visual_slam/nav2_vslam_localize) by extension 'colcon_pkg'
[0.243s] Level 1:colcon.colcon_core.package_identification:_identify(src/quadruped_robot_4_DOF/pangolin_visual_slam/nav2_vslam_localize) by extensions ['colcon_meta']
[0.243s] Level 1:colcon.colcon_core.package_identification:_identify(src/quadruped_robot_4_DOF/pangolin_visual_slam/nav2_vslam_localize) by extension 'colcon_meta'
[0.243s] Level 1:colcon.colcon_core.package_identification:_identify(src/quadruped_robot_4_DOF/pangolin_visual_slam/nav2_vslam_localize) by extensions ['ros']
[0.243s] Level 1:colcon.colcon_core.package_identification:_identify(src/quadruped_robot_4_DOF/pangolin_visual_slam/nav2_vslam_localize) by extension 'ros'
[0.244s] DEBUG:colcon.colcon_core.package_identification:Package 'src/quadruped_robot_4_DOF/pangolin_visual_slam/nav2_vslam_localize' with type 'ros.ament_python' and name 'nav2_vslam_localize'
[0.244s] Level 1:colcon.colcon_core.package_identification:_identify(src/quadruped_robot_4_DOF/pangolin_visual_slam/pangolin_isaac_ros_visual_slam) by extensions ['ignore', 'ignore_ament_install']
[0.244s] Level 1:colcon.colcon_core.package_identification:_identify(src/quadruped_robot_4_DOF/pangolin_visual_slam/pangolin_isaac_ros_visual_slam) by extension 'ignore'
[0.244s] Level 1:colcon.colcon_core.package_identification:_identify(src/quadruped_robot_4_DOF/pangolin_visual_slam/pangolin_isaac_ros_visual_slam) by extension 'ignore_ament_install'
[0.244s] Level 1:colcon.colcon_core.package_identification:_identify(src/quadruped_robot_4_DOF/pangolin_visual_slam/pangolin_isaac_ros_visual_slam) by extensions ['colcon_pkg']
[0.244s] Level 1:colcon.colcon_core.package_identification:_identify(src/quadruped_robot_4_DOF/pangolin_visual_slam/pangolin_isaac_ros_visual_slam) by extension 'colcon_pkg'
[0.244s] Level 1:colcon.colcon_core.package_identification:_identify(src/quadruped_robot_4_DOF/pangolin_visual_slam/pangolin_isaac_ros_visual_slam) by extensions ['colcon_meta']
[0.244s] Level 1:colcon.colcon_core.package_identification:_identify(src/quadruped_robot_4_DOF/pangolin_visual_slam/pangolin_isaac_ros_visual_slam) by extension 'colcon_meta'
[0.244s] Level 1:colcon.colcon_core.package_identification:_identify(src/quadruped_robot_4_DOF/pangolin_visual_slam/pangolin_isaac_ros_visual_slam) by extensions ['ros']
[0.244s] Level 1:colcon.colcon_core.package_identification:_identify(src/quadruped_robot_4_DOF/pangolin_visual_slam/pangolin_isaac_ros_visual_slam) by extension 'ros'
[0.244s] DEBUG:colcon.colcon_core.package_identification:Package 'src/quadruped_robot_4_DOF/pangolin_visual_slam/pangolin_isaac_ros_visual_slam' with type 'ros.ament_cmake' and name 'pangolin_isaac_ros_visual_slam'
[0.244s] Level 1:colcon.colcon_core.package_identification:_identify(src/quadruped_robot_4_DOF/start) by extensions ['ignore', 'ignore_ament_install']
[0.244s] Level 1:colcon.colcon_core.package_identification:_identify(src/quadruped_robot_4_DOF/start) by extension 'ignore'
[0.244s] Level 1:colcon.colcon_core.package_identification:_identify(src/quadruped_robot_4_DOF/start) by extension 'ignore_ament_install'
[0.244s] Level 1:colcon.colcon_core.package_identification:_identify(src/quadruped_robot_4_DOF/start) by extensions ['colcon_pkg']
[0.244s] Level 1:colcon.colcon_core.package_identification:_identify(src/quadruped_robot_4_DOF/start) by extension 'colcon_pkg'
[0.244s] Level 1:colcon.colcon_core.package_identification:_identify(src/quadruped_robot_4_DOF/start) by extensions ['colcon_meta']
[0.244s] Level 1:colcon.colcon_core.package_identification:_identify(src/quadruped_robot_4_DOF/start) by extension 'colcon_meta'
[0.244s] Level 1:colcon.colcon_core.package_identification:_identify(src/quadruped_robot_4_DOF/start) by extensions ['ros']
[0.244s] Level 1:colcon.colcon_core.package_identification:_identify(src/quadruped_robot_4_DOF/start) by extension 'ros'
[0.244s] Level 1:colcon.colcon_core.package_identification:_identify(src/quadruped_robot_4_DOF/start) by extensions ['cmake', 'python']
[0.244s] Level 1:colcon.colcon_core.package_identification:_identify(src/quadruped_robot_4_DOF/start) by extension 'cmake'
[0.244s] Level 1:colcon.colcon_core.package_identification:_identify(src/quadruped_robot_4_DOF/start) by extension 'python'
[0.244s] Level 1:colcon.colcon_core.package_identification:_identify(src/quadruped_robot_4_DOF/start) by extensions ['python_setup_py']
[0.244s] Level 1:colcon.colcon_core.package_identification:_identify(src/quadruped_robot_4_DOF/start) by extension 'python_setup_py'
[0.244s] Level 1:colcon.colcon_core.package_discovery:discover_packages(recursive) using defaults
[0.244s] Level 1:colcon.colcon_core.package_discovery:discover_packages(ignore) discover
[0.245s] Level 1:colcon.colcon_core.package_discovery:discover_packages(ignore) using defaults
[0.245s] Level 1:colcon.colcon_core.package_discovery:discover_packages(path) discover
[0.245s] Level 1:colcon.colcon_core.package_discovery:discover_packages(path) using defaults
[0.257s] INFO:colcon.colcon_core.package_selection:Skipping not selected package 'apriltag_localize' in 'src/quadruped_robot_4_DOF/pangolin_apriltag/apriltag_localize'
[0.257s] INFO:colcon.colcon_core.package_selection:Skipping not selected package 'fdlink_ahrs' in 'src/quadruped_robot_4_DOF/pangolin_imu/fdlink_ahrs'
[0.257s] INFO:colcon.colcon_core.package_selection:Skipping not selected package 'nav2_commander' in 'src/quadruped_robot_4_DOF/pangolin_navigation/nav2_commander'
[0.257s] INFO:colcon.colcon_core.package_selection:Skipping not selected package 'nav2_vslam_localize' in 'src/quadruped_robot_4_DOF/pangolin_visual_slam/nav2_vslam_localize'
[0.257s] INFO:colcon.colcon_core.package_selection:Skipping not selected package 'pangolin_bringup' in 'src/quadruped_robot_4_DOF/pangolin_bringup'
[0.257s] INFO:colcon.colcon_core.package_selection:Skipping not selected package 'pangolin_control' in 'src/quadruped_robot_4_DOF/pangolin_control'
[0.257s] INFO:colcon.colcon_core.package_selection:Skipping not selected package 'pangolin_description' in 'src/quadruped_robot_4_DOF/pangolin_description'
[0.257s] INFO:colcon.colcon_core.package_selection:Skipping not selected package 'pangolin_isaac_ros_apriltag' in 'src/quadruped_robot_4_DOF/pangolin_apriltag/pangolin_isaac_ros_apriltag'
[0.257s] INFO:colcon.colcon_core.package_selection:Skipping not selected package 'pangolin_isaac_ros_visual_slam' in 'src/quadruped_robot_4_DOF/pangolin_visual_slam/pangolin_isaac_ros_visual_slam'
[0.257s] INFO:colcon.colcon_core.package_selection:Skipping not selected package 'pangolin_navigation' in 'src/quadruped_robot_4_DOF/pangolin_navigation/nav2_bringup'
[0.257s] INFO:colcon.colcon_core.package_selection:Skipping not selected package 'pangolin_visual_nav' in 'src/quadruped_robot_4_DOF/pangolin_navigation/pangolin_visual_nav'
[0.257s] Level 1:colcon.colcon_core.package_discovery:discover_packages(prefix_path) check parameters
[0.257s] Level 1:colcon.colcon_core.package_discovery:discover_packages(prefix_path) discover
[0.259s] DEBUG:colcon.colcon_installed_package_information.package_discovery:Found 440 installed packages in /opt/ros/humble
[0.260s] Level 1:colcon.colcon_core.package_discovery:discover_packages(prefix_path) using defaults
[0.286s] Level 5:colcon.colcon_core.verb:set package 'serial' build argument 'cmake_args' from command line to 'None'
[0.286s] Level 5:colcon.colcon_core.verb:set package 'serial' build argument 'cmake_target' from command line to 'None'
[0.286s] Level 5:colcon.colcon_core.verb:set package 'serial' build argument 'cmake_target_skip_unavailable' from command line to 'False'
[0.286s] Level 5:colcon.colcon_core.verb:set package 'serial' build argument 'cmake_clean_cache' from command line to 'False'
[0.286s] Level 5:colcon.colcon_core.verb:set package 'serial' build argument 'cmake_clean_first' from command line to 'False'
[0.286s] Level 5:colcon.colcon_core.verb:set package 'serial' build argument 'cmake_force_configure' from command line to 'False'
[0.286s] Level 5:colcon.colcon_core.verb:set package 'serial' build argument 'ament_cmake_args' from command line to 'None'
[0.286s] Level 5:colcon.colcon_core.verb:set package 'serial' build argument 'catkin_cmake_args' from command line to 'None'
[0.286s] Level 5:colcon.colcon_core.verb:set package 'serial' build argument 'catkin_skip_building_tests' from command line to 'False'
[0.286s] DEBUG:colcon.colcon_core.verb:Building package 'serial' with the following arguments: {'ament_cmake_args': None, 'build_base': '/home/stanley/pangolin_ws/build/serial', 'catkin_cmake_args': None, 'catkin_skip_building_tests': False, 'cmake_args': None, 'cmake_clean_cache': False, 'cmake_clean_first': False, 'cmake_force_configure': False, 'cmake_target': None, 'cmake_target_skip_unavailable': False, 'install_base': '/home/stanley/pangolin_ws/install/serial', 'merge_install': False, 'path': '/home/stanley/pangolin_ws/src/quadruped_robot_4_DOF/pangolin_imu/serial-ros2', 'symlink_install': True, 'test_result_base': None}
[0.286s] INFO:colcon.colcon_core.executor:Executing jobs using 'parallel' executor
[0.286s] DEBUG:colcon.colcon_parallel_executor.executor.parallel:run_until_complete
[0.287s] INFO:colcon.colcon_ros.task.ament_cmake.build:Building ROS package in '/home/stanley/pangolin_ws/src/quadruped_robot_4_DOF/pangolin_imu/serial-ros2' with build type 'ament_cmake'
[0.287s] INFO:colcon.colcon_cmake.task.cmake.build:Building CMake package in '/home/stanley/pangolin_ws/src/quadruped_robot_4_DOF/pangolin_imu/serial-ros2'
[0.288s] INFO:colcon.colcon_core.plugin_system:Skipping extension 'colcon_core.shell.bat': Not used on non-Windows systems
[0.288s] INFO:colcon.colcon_core.shell:Skip shell extension 'powershell' for command environment: Not usable outside of PowerShell
[0.288s] DEBUG:colcon.colcon_core.shell:Skip shell extension 'dsv' for command environment
[0.294s] DEBUG:colcon.colcon_core.event_handler.log_command:Invoking command in '/home/stanley/pangolin_ws/build/serial': CMAKE_PREFIX_PATH=/opt/ros/humble /usr/bin/cmake /home/stanley/pangolin_ws/src/quadruped_robot_4_DOF/pangolin_imu/serial-ros2 -DAMENT_CMAKE_SYMLINK_INSTALL=1 -DCMAKE_INSTALL_PREFIX=/home/stanley/pangolin_ws/install/serial
[0.800s] DEBUG:colcon.colcon_core.event_handler.log_command:Invoked command in '/home/stanley/pangolin_ws/build/serial' returned '1': CMAKE_PREFIX_PATH=/opt/ros/humble /usr/bin/cmake /home/stanley/pangolin_ws/src/quadruped_robot_4_DOF/pangolin_imu/serial-ros2 -DAMENT_CMAKE_SYMLINK_INSTALL=1 -DCMAKE_INSTALL_PREFIX=/home/stanley/pangolin_ws/install/serial
[0.808s] Level 1:colcon.colcon_core.environment:create_environment_scripts_only(serial)
[0.810s] Level 1:colcon.colcon_core.environment:checking '/home/stanley/pangolin_ws/install/serial' for CMake module files
[0.811s] Level 1:colcon.colcon_core.environment:checking '/home/stanley/pangolin_ws/install/serial' for CMake config files
[0.811s] Level 1:colcon.colcon_core.environment:checking '/home/stanley/pangolin_ws/install/serial/bin'
[0.811s] Level 1:colcon.colcon_core.environment:checking '/home/stanley/pangolin_ws/install/serial/lib/pkgconfig/serial.pc'
[0.811s] Level 1:colcon.colcon_core.environment:checking '/home/stanley/pangolin_ws/install/serial/lib/python3.10/site-packages'
[0.811s] Level 1:colcon.colcon_core.environment:checking '/home/stanley/pangolin_ws/install/serial/bin'
[0.812s] INFO:colcon.colcon_core.shell:Creating package script '/home/stanley/pangolin_ws/install/serial/share/serial/package.ps1'
[0.813s] INFO:colcon.colcon_core.shell:Creating package descriptor '/home/stanley/pangolin_ws/install/serial/share/serial/package.dsv'
[0.813s] INFO:colcon.colcon_core.shell:Creating package script '/home/stanley/pangolin_ws/install/serial/share/serial/package.sh'
[0.814s] INFO:colcon.colcon_core.shell:Creating package script '/home/stanley/pangolin_ws/install/serial/share/serial/package.bash'
[0.814s] INFO:colcon.colcon_core.shell:Creating package script '/home/stanley/pangolin_ws/install/serial/share/serial/package.zsh'
[0.814s] Level 1:colcon.colcon_core.environment:create_file_with_runtime_dependencies(/home/stanley/pangolin_ws/install/serial/share/colcon-core/packages/serial)
[0.825s] DEBUG:colcon.colcon_parallel_executor.executor.parallel:closing loop
[0.825s] DEBUG:colcon.colcon_parallel_executor.executor.parallel:loop closed
[0.825s] DEBUG:colcon.colcon_parallel_executor.executor.parallel:run_until_complete finished with '1'
[0.825s] DEBUG:colcon.colcon_core.event_reactor:joining thread
[0.829s] INFO:colcon.colcon_core.plugin_system:Skipping extension 'colcon_notification.desktop_notification.terminal_notifier': Not used on non-Darwin systems
[0.829s] INFO:colcon.colcon_core.plugin_system:Skipping extension 'colcon_notification.desktop_notification.win32': Not used on non-Windows systems
[0.829s] INFO:colcon.colcon_notification.desktop_notification:Sending desktop notification using 'notify2'
[0.836s] DEBUG:colcon.colcon_core.event_reactor:joined thread
[0.836s] INFO:colcon.colcon_core.shell:Creating prefix script '/home/stanley/pangolin_ws/install/local_setup.ps1'
[0.836s] INFO:colcon.colcon_core.shell:Creating prefix util module '/home/stanley/pangolin_ws/install/_local_setup_util_ps1.py'
[0.837s] INFO:colcon.colcon_core.shell:Creating prefix chain script '/home/stanley/pangolin_ws/install/setup.ps1'
[0.837s] INFO:colcon.colcon_core.shell:Creating prefix script '/home/stanley/pangolin_ws/install/local_setup.sh'
[0.838s] INFO:colcon.colcon_core.shell:Creating prefix util module '/home/stanley/pangolin_ws/install/_local_setup_util_sh.py'
[0.838s] INFO:colcon.colcon_core.shell:Creating prefix chain script '/home/stanley/pangolin_ws/install/setup.sh'
[0.838s] INFO:colcon.colcon_core.shell:Creating prefix script '/home/stanley/pangolin_ws/install/local_setup.bash'
[0.839s] INFO:colcon.colcon_core.shell:Creating prefix chain script '/home/stanley/pangolin_ws/install/setup.bash'
[0.839s] INFO:colcon.colcon_core.shell:Creating prefix script '/home/stanley/pangolin_ws/install/local_setup.zsh'
[0.840s] INFO:colcon.colcon_core.shell:Creating prefix chain script '/home/stanley/pangolin_ws/install/setup.zsh'
